2023-02-27 11:33:02 INFO  Main:36 - saved data reading
2023-02-27 11:33:02 INFO  Main:41 - application start
2023-02-27 11:33:03 INFO  Controller:74 - Main controller initializing
2023-02-27 11:33:06 INFO  NewEditController:91 - new/edit window initializing
2023-02-27 11:33:29 INFO  NewEditController:91 - new/edit window initializing
2023-02-27 11:34:25 INFO  TaskInfoController:25 - task info window initializing
2023-02-27 11:34:25 ERROR Controller:127 - error loading task-info.fxml
2023-02-27 11:34:27 INFO  TaskInfoController:25 - task info window initializing
2024-02-04 20:47:47 INFO  Main:35 - saved data reading
2024-02-04 20:47:47 INFO  Main:40 - application start
2024-02-04 20:47:48 INFO  Controller:74 - Main controller initializing
2024-02-04 20:47:54 INFO  NewEditController:89 - new/edit window initializing
2024-02-04 20:48:29 INFO  NewEditController:89 - new/edit window initializing
2024-02-04 20:49:05 INFO  NewEditController:89 - new/edit window initializing
2024-02-04 20:49:55 INFO  NewEditController:89 - new/edit window initializing
2024-02-04 20:50:19 INFO  NewEditController:89 - new/edit window initializing
2024-02-04 20:50:29 INFO  NewEditController:89 - new/edit window initializing
2024-02-04 20:50:43 INFO  NewEditController:89 - new/edit window initializing
2024-02-04 20:50:48 INFO  NewEditController:89 - new/edit window initializing
2024-02-04 20:51:01 INFO  TaskInfoController:24 - task info window initializing
2024-02-04 20:51:01 ERROR Controller:127 - error loading task-info.fxml
2024-02-04 20:51:03 INFO  TaskInfoController:24 - task info window initializing
2024-02-05 11:47:15 INFO  Main:35 - saved data reading
2024-02-05 11:47:15 INFO  Main:40 - application start
2024-02-05 11:47:17 INFO  Controller:74 - Main controller initializing
2024-02-05 11:48:28 INFO  TaskInfoController:24 - task info window initializing
2024-03-14 16:07:44 INFO  Main:35 - saved data reading
2024-03-14 16:07:44 INFO  Main:40 - application start
2024-03-14 16:07:44 INFO  Controller:74 - Main controller initializing
2024-03-14 16:08:24 INFO  NewEditController:89 - new/edit window initializing
2024-03-14 17:03:26 INFO  Main:35 - saved data reading
2024-03-14 17:03:26 INFO  Main:40 - application start
2024-03-14 17:03:26 INFO  Controller:74 - Main controller initializing
2024-03-14 17:04:11 INFO  NewEditController:89 - new/edit window initializing
2024-03-14 17:06:55 INFO  NewEditController:89 - new/edit window initializing
2024-03-14 17:07:25 INFO  NewEditController:89 - new/edit window initializing
2024-03-14 17:07:45 INFO  NewEditController:89 - new/edit window initializing
2024-03-14 17:08:21 INFO  TaskInfoController:24 - task info window initializing
2024-03-14 17:08:28 INFO  TaskInfoController:24 - task info window initializing
2024-03-14 17:09:39 INFO  NewEditController:89 - new/edit window initializing
2024-03-14 17:09:49 INFO  NewEditController:89 - new/edit window initializing
2024-03-14 17:23:01 INFO  Main:35 - saved data reading
2024-03-14 17:23:01 INFO  Main:40 - application start
2024-03-14 17:23:01 INFO  Controller:74 - Main controller initializing
2024-03-14 17:25:41 INFO  Main:35 - saved data reading
2024-03-14 17:25:41 INFO  Main:40 - application start
2024-03-14 17:25:41 INFO  Controller:74 - Main controller initializing
2024-03-14 17:40:14 INFO  Main:35 - saved data reading
2024-03-14 17:40:14 INFO  Main:40 - application start
2024-03-14 17:40:15 INFO  Controller:74 - Main controller initializing
2024-03-14 17:43:26 INFO  Main:35 - saved data reading
2024-03-14 17:43:26 INFO  Main:40 - application start
2024-03-14 17:43:26 INFO  Controller:76 - Main controller initializing
2024-03-14 17:43:36 ERROR Controller:141 - invalid format
2024-03-14 17:47:21 INFO  Main:35 - saved data reading
2024-03-14 17:47:21 INFO  Main:40 - application start
2024-03-14 17:47:22 INFO  Controller:76 - Main controller initializing
2024-03-14 17:47:24 INFO  NewEditController:89 - new/edit window initializing
2024-03-14 17:47:30 INFO  NewEditController:89 - new/edit window initializing
2024-03-14 17:47:58 INFO  Main:35 - saved data reading
2024-03-14 17:47:58 INFO  Main:40 - application start
2024-03-14 17:47:58 INFO  Controller:76 - Main controller initializing
2024-03-14 17:48:28 INFO  NewEditController:89 - new/edit window initializing
2024-03-14 17:49:14 INFO  Main:35 - saved data reading
2024-03-14 17:49:14 INFO  Main:40 - application start
2024-03-14 17:49:14 INFO  Controller:76 - Main controller initializing
2024-03-14 17:49:19 INFO  NewEditController:89 - new/edit window initializing
2024-03-14 17:49:34 INFO  NewEditController:89 - new/edit window initializing
2024-03-14 17:50:10 INFO  Main:35 - saved data reading
2024-03-14 17:50:10 INFO  Main:40 - application start
2024-03-14 17:50:10 INFO  Controller:76 - Main controller initializing
2024-03-14 17:50:11 INFO  NewEditController:89 - new/edit window initializing
2024-03-14 17:50:51 INFO  Main:35 - saved data reading
2024-03-14 17:50:51 INFO  Main:40 - application start
2024-03-14 17:50:51 INFO  Controller:76 - Main controller initializing
2024-03-14 17:50:55 INFO  NewEditController:89 - new/edit window initializing
2024-03-14 17:51:40 INFO  Main:35 - saved data reading
2024-03-14 17:51:40 INFO  Main:40 - application start
2024-03-14 17:51:40 INFO  Controller:76 - Main controller initializing
2024-03-14 17:51:42 INFO  NewEditController:89 - new/edit window initializing
2024-03-14 17:51:48 INFO  NewEditController:89 - new/edit window initializing
2024-03-14 17:54:39 INFO  Main:35 - saved data reading
2024-03-14 17:54:39 INFO  Main:40 - application start
2024-03-14 17:54:40 INFO  Controller:76 - Main controller initializing
2024-03-14 17:56:17 INFO  Main:35 - saved data reading
2024-03-14 17:56:17 INFO  Main:40 - application start
2024-03-14 17:56:18 INFO  Controller:76 - Main controller initializing
2024-03-14 17:59:36 INFO  Main:35 - saved data reading
2024-03-14 17:59:36 INFO  Main:40 - application start
2024-03-14 17:59:37 INFO  Controller:76 - Main controller initializing
2024-03-14 17:59:52 INFO  Main:35 - saved data reading
2024-03-14 17:59:52 INFO  Main:40 - application start
2024-03-14 17:59:52 INFO  Controller:76 - Main controller initializing
2024-03-14 17:59:55 INFO  NewEditController:89 - new/edit window initializing
2024-03-14 18:10:53 INFO  Main:35 - saved data reading
2024-03-14 18:10:53 INFO  Main:40 - application start
2024-03-14 18:10:53 INFO  TasksController:76 - Main controller initializing
2024-03-14 18:11:37 INFO  Main:35 - saved data reading
2024-03-14 18:11:37 INFO  Main:40 - application start
2024-03-14 18:11:37 INFO  TasksController:76 - Main controller initializing
2024-03-14 18:11:41 INFO  NewEditController:89 - new/edit window initializing
2024-03-14 18:11:54 INFO  Main:35 - saved data reading
2024-03-14 18:11:54 INFO  Main:40 - application start
2024-03-14 18:11:54 INFO  TasksController:76 - Main controller initializing
2024-03-14 18:11:57 INFO  NewEditController:89 - new/edit window initializing
2024-03-14 18:12:00 INFO  NewEditController:89 - new/edit window initializing
2024-03-14 18:16:52 INFO  Main:35 - saved data reading
2024-03-14 18:16:52 INFO  Main:40 - application start
2024-03-14 18:16:52 INFO  TasksController:76 - Main controller initializing
2024-03-14 18:17:15 INFO  TaskInfoController:24 - task info window initializing
2024-03-14 18:17:58 INFO  TaskInfoController:24 - task info window initializing
2024-03-14 18:18:36 INFO  TaskInfoController:24 - task info window initializing
2024-03-14 18:20:43 INFO  Main:35 - saved data reading
2024-03-14 18:20:43 INFO  Main:40 - application start
2024-03-14 18:20:43 INFO  TasksController:76 - Main controller initializing
2024-03-14 18:21:02 INFO  NewEditController:89 - new/edit window initializing
2024-03-14 18:21:31 INFO  TaskInfoController:24 - task info window initializing
2024-03-14 18:21:31 ERROR TasksController:129 - error loading task-info.fxml
2024-03-14 18:21:33 INFO  TaskInfoController:24 - task info window initializing
2024-03-14 18:21:48 INFO  Main:35 - saved data reading
2024-03-14 18:21:48 INFO  Main:40 - application start
2024-03-14 18:21:49 INFO  TasksController:76 - Main controller initializing
2024-03-14 18:22:47 ERROR TasksController:141 - invalid format
2024-04-24 20:57:50 INFO  Main:34 - saved data reading
2024-04-24 20:57:50 INFO  Main:39 - application start
2024-04-24 20:57:51 INFO  TasksController:76 - Main controller initializing
2024-04-24 21:16:08 INFO  Main:34 - saved data reading
2024-04-24 21:16:08 INFO  Main:39 - application start
2024-04-24 21:16:08 INFO  TasksController:76 - Main controller initializing
2024-04-25 19:23:27 ERROR Task:27 - time below bound
2024-04-25 19:27:45 ERROR Task:27 - time below bound
2024-04-25 19:36:58 ERROR Task:27 - time below bound
